<?xml version="1.0" encoding="UTF-8"?>
<!-- Generated by org.testng.reporters.JUnitReportReporter -->
<testsuite hostname="User-PC" failures="0" tests="1" name="Academy.Homepage" time="23.711" errors="0" timestamp="11 Jun 2021 13:50:22 GMT">
  <testcase classname="Academy.Homepage" name="basePageNavigation" time="23.711"/>
</testsuite> <!-- Academy.Homepage -->
